# JRE version: Java(TM) SE Runtime Environment (8.0_131-b11) (build 1.8.0_131-b11)
# Java VM: Java HotSpot(TM) 64-Bit Server VM (25.131-b11 mixed mode windows-amd64 compressed oops)
Heap:
 PSYoungGen      total 151040K, used 92323K [0x00000000d5f80000, 0x00000000e2700000, 0x0000000100000000)
  eden space 141824K, 58% used [0x00000000d5f80000,0x00000000db0daf08,0x00000000dea00000)
  from space 9216K, 97% used [0x00000000e1380000,0x00000000e1c4e050,0x00000000e1c80000)
  to   space 10752K, 0% used [0x00000000e1c80000,0x00000000e1c80000,0x00000000e2700000)
 ParOldGen       total 91136K, used 17459K [0x0000000081e00000, 0x0000000087700000, 0x00000000d5f80000)
  object space 91136K, 19% used [0x0000000081e00000,0x0000000082f0cdb8,0x0000000087700000)
 Metaspace       used 44021K, capacity 46540K, committed 46720K, reserved 1089536K
  class space    used 6015K, capacity 6491K, committed 6528K, reserved 1048576K
GC Heap History (10 events):
Event: 10.370 GC heap before
{Heap before GC invocations=9 (full 1):
 PSYoungGen      total 138240K, used 119349K [0x00000000d5f80000, 0x00000000e0980000, 0x0000000100000000)
  eden space 129024K, 85% used [0x00000000d5f80000,0x00000000dcb13e68,0x00000000ddd80000)
  from space 9216K, 99% used [0x00000000ddd80000,0x00000000de6796b0,0x00000000de680000)
  to   space 10240K, 0% used [0x00000000dff80000,0x00000000dff80000,0x00000000e0980000)
 ParOldGen       total 59392K, used 9132K [0x0000000081e00000, 0x0000000085800000, 0x00000000d5f80000)
  object space 59392K, 15% used [0x0000000081e00000,0x00000000826eb128,0x0000000085800000)
 Metaspace       used 33535K, capacity 35360K, committed 35456K, reserved 1079296K
  class space    used 4579K, capacity 4955K, committed 4992K, reserved 1048576K
Event: 10.390 GC heap after
Heap after GC invocations=9 (full 1):
 PSYoungGen      total 161792K, used 10237K [0x00000000d5f80000, 0x00000000e2e80000, 0x0000000100000000)
  eden space 151552K, 0% used [0x00000000d5f80000,0x00000000d5f80000,0x00000000df380000)
  from space 10240K, 99% used [0x00000000dff80000,0x00000000e097f788,0x00000000e0980000)
  to   space 12288K, 0% used [0x00000000df380000,0x00000000df380000,0x00000000dff80000)
 ParOldGen       total 59392K, used 10605K [0x0000000081e00000, 0x0000000085800000, 0x00000000d5f80000)
  object space 59392K, 17% used [0x0000000081e00000,0x000000008285b6d8,0x0000000085800000)
 Metaspace       used 33535K, capacity 35360K, committed 35456K, reserved 1079296K
  class space    used 4579K, capacity 4955K, committed 4992K, reserved 1048576K
}
Event: 10.390 GC heap before
{Heap before GC invocations=10 (full 2):
 PSYoungGen      total 161792K, used 10237K [0x00000000d5f80000, 0x00000000e2e80000, 0x0000000100000000)
  eden space 151552K, 0% used [0x00000000d5f80000,0x00000000d5f80000,0x00000000df380000)
  from space 10240K, 99% used [0x00000000dff80000,0x00000000e097f788,0x00000000e0980000)
  to   space 12288K, 0% used [0x00000000df380000,0x00000000df380000,0x00000000dff80000)
 ParOldGen       total 59392K, used 10605K [0x0000000081e00000, 0x0000000085800000, 0x00000000d5f80000)
  object space 59392K, 17% used [0x0000000081e00000,0x000000008285b6d8,0x0000000085800000)
 Metaspace       used 33535K, capacity 35360K, committed 35456K, reserved 1079296K
  class space    used 4579K, capacity 4955K, committed 4992K, reserved 1048576K
Event: 10.482 GC heap after
Heap after GC invocations=10 (full 2):
 PSYoungGen      total 161792K, used 0K [0x00000000d5f80000, 0x00000000e2e80000, 0x0000000100000000)
  eden space 151552K, 0% used [0x00000000d5f80000,0x00000000d5f80000,0x00000000df380000)
  from space 10240K, 0% used [0x00000000dff80000,0x00000000dff80000,0x00000000e0980000)
  to   space 12288K, 0% used [0x00000000df380000,0x00000000df380000,0x00000000dff80000)
 ParOldGen       total 91136K, used 16189K [0x0000000081e00000, 0x0000000087700000, 0x00000000d5f80000)
  object space 91136K, 17% used [0x0000000081e00000,0x0000000082dcf560,0x0000000087700000)
 Metaspace       used 33535K, capacity 35360K, committed 35456K, reserved 1079296K
  class space    used 4579K, capacity 4955K, committed 4992K, reserved 1048576K
}
Event: 104.059 GC heap before
{Heap before GC invocations=11 (full 2):
 PSYoungGen      total 161792K, used 151552K [0x00000000d5f80000, 0x00000000e2e80000, 0x0000000100000000)
  eden space 151552K, 100% used [0x00000000d5f80000,0x00000000df380000,0x00000000df380000)
  from space 10240K, 0% used [0x00000000dff80000,0x00000000dff80000,0x00000000e0980000)
  to   space 12288K, 0% used [0x00000000df380000,0x00000000df380000,0x00000000dff80000)
 ParOldGen       total 91136K, used 16189K [0x0000000081e00000, 0x0000000087700000, 0x00000000d5f80000)
  object space 91136K, 17% used [0x0000000081e00000,0x0000000082dcf560,0x0000000087700000)
 Metaspace       used 43743K, capacity 46212K, committed 46464K, reserved 1089536K
  class space    used 5980K, capacity 6451K, committed 6528K, reserved 1048576K
Event: 104.069 GC heap after
Heap after GC invocations=11 (full 2):
 PSYoungGen      total 163840K, used 12263K [0x00000000d5f80000, 0x00000000e3480000, 0x0000000100000000)
  eden space 151552K, 0% used [0x00000000d5f80000,0x00000000d5f80000,0x00000000df380000)
  from space 12288K, 99% used [0x00000000df380000,0x00000000dff79f58,0x00000000dff80000)
  to   space 14336K, 0% used [0x00000000e2680000,0x00000000e2680000,0x00000000e3480000)
 ParOldGen       total 91136K, used 17443K [0x0000000081e00000, 0x0000000087700000, 0x00000000d5f80000)
  object space 91136K, 19% used [0x0000000081e00000,0x0000000082f08db8,0x0000000087700000)
 Metaspace       used 43743K, capacity 46212K, committed 46464K, reserved 1089536K
  class space    used 5980K, capacity 6451K, committed 6528K, reserved 1048576K
}
Event: 12614.853 GC heap before
{Heap before GC invocations=12 (full 2):
 PSYoungGen      total 163840K, used 163815K [0x00000000d5f80000, 0x00000000e3480000, 0x0000000100000000)
  eden space 151552K, 100% used [0x00000000d5f80000,0x00000000df380000,0x00000000df380000)
  from space 12288K, 99% used [0x00000000df380000,0x00000000dff79f58,0x00000000dff80000)
  to   space 14336K, 0% used [0x00000000e2680000,0x00000000e2680000,0x00000000e3480000)
 ParOldGen       total 91136K, used 17443K [0x0000000081e00000, 0x0000000087700000, 0x00000000d5f80000)
  object space 91136K, 19% used [0x0000000081e00000,0x0000000082f08db8,0x0000000087700000)
 Metaspace       used 44016K, capacity 46540K, committed 46720K, reserved 1089536K
  class space    used 6015K, capacity 6491K, committed 6528K, reserved 1048576K
Event: 12614.867 GC heap after
Heap after GC invocations=12 (full 2):
 PSYoungGen      total 155648K, used 8712K [0x00000000d5f80000, 0x00000000e2f80000, 0x0000000100000000)
  eden space 146432K, 0% used [0x00000000d5f80000,0x00000000d5f80000,0x00000000dee80000)
  from space 9216K, 94% used [0x00000000e2680000,0x00000000e2f02040,0x00000000e2f80000)
  to   space 14336K, 0% used [0x00000000e1380000,0x00000000e1380000,0x00000000e2180000)
 ParOldGen       total 91136K, used 17451K [0x0000000081e00000, 0x0000000087700000, 0x00000000d5f80000)
  object space 91136K, 19% used [0x0000000081e00000,0x0000000082f0adb8,0x0000000087700000)
 Metaspace       used 44016K, capacity 46540K, committed 46720K, reserved 1089536K
  class space    used 6015K, capacity 6491K, committed 6528K, reserved 1048576K
}
Event: 13770.356 GC heap before
{Heap before GC invocations=13 (full 2):
 PSYoungGen      total 155648K, used 155144K [0x00000000d5f80000, 0x00000000e2f80000, 0x0000000100000000)
  eden space 146432K, 100% used [0x00000000d5f80000,0x00000000dee80000,0x00000000dee80000)
  from space 9216K, 94% used [0x00000000e2680000,0x00000000e2f02040,0x00000000e2f80000)
  to   space 14336K, 0% used [0x00000000e1380000,0x00000000e1380000,0x00000000e2180000)
 ParOldGen       total 91136K, used 17451K [0x0000000081e00000, 0x0000000087700000, 0x00000000d5f80000)
  object space 91136K, 19% used [0x0000000081e00000,0x0000000082f0adb8,0x0000000087700000)
 Metaspace       used 44021K, capacity 46540K, committed 46720K, reserved 1089536K
  class space    used 6015K, capacity 6491K, committed 6528K, reserved 1048576K
Event: 13770.369 GC heap after
Heap after GC invocations=13 (full 2):
 PSYoungGen      total 151040K, used 9016K [0x00000000d5f80000, 0x00000000e2700000, 0x0000000100000000)
  eden space 141824K, 0% used [0x00000000d5f80000,0x00000000d5f80000,0x00000000dea00000)
  from space 9216K, 97% used [0x00000000e1380000,0x00000000e1c4e050,0x00000000e1c80000)
  to   space 10752K, 0% used [0x00000000e1c80000,0x00000000e1c80000,0x00000000e2700000)
 ParOldGen       total 91136K, used 17459K [0x0000000081e00000, 0x0000000087700000, 0x00000000d5f80000)
  object space 91136K, 19% used [0x0000000081e00000,0x0000000082f0cdb8,0x0000000087700000)
 Metaspace       used 44021K, capacity 46540K, committed 46720K, reserved 1089536K
  class space    used 6015K, capacity 6491K, committed 6528K, reserved 1048576K
}

